{"E:\\Microverse\\Javascript\\to-do-list\\src\\item.js": {"path":"E:\\Microverse\\Javascript\\to-do-list\\src\\item.js","statementMap":{"0":{"start":{"line":5,"column":4},"end":{"line":5,"column":21}},"1":{"start":{"line":6,"column":4},"end":{"line":6,"column":27}},"2":{"start":{"line":7,"column":4},"end":{"line":7,"column":19}}},"fnMap":{"0":{"name":"(anonymous_0)","decl":{"start":{"line":4,"column":2},"end":{"line":4,"column":3}},"loc":{"start":{"line":4,"column":20},"end":{"line":8,"column":3}},"line":4}},"branchMap":{},"s":{"0":1,"1":1,"2":1},"f":{"0":1},"b":{},"_coverageSchema":"1a1c01bbd47fc00a2c39e90264f33305004495a9","hash":"9855a8014ea672ff4e00ef14dbdde7d8991876ba"}
,"E:\\Microverse\\Javascript\\to-do-list\\src\\list.js": {"path":"E:\\Microverse\\Javascript\\to-do-list\\src\\list.js","statementMap":{"0":{"start":{"line":7,"column":22},"end":{"line":7,"column":75}},"1":{"start":{"line":8,"column":4},"end":{"line":8,"column":21}},"2":{"start":{"line":12,"column":27},"end":{"line":12,"column":85}},"3":{"start":{"line":13,"column":4},"end":{"line":13,"column":26}},"4":{"start":{"line":17,"column":22},"end":{"line":17,"column":38}},"5":{"start":{"line":18,"column":4},"end":{"line":23,"column":5}},"6":{"start":{"line":19,"column":19},"end":{"line":19,"column":32}},"7":{"start":{"line":20,"column":6},"end":{"line":20,"column":40}},"8":{"start":{"line":21,"column":6},"end":{"line":21,"column":27}},"9":{"start":{"line":22,"column":6},"end":{"line":22,"column":67}},"10":{"start":{"line":24,"column":4},"end":{"line":24,"column":21}},"11":{"start":{"line":28,"column":22},"end":{"line":28,"column":38}},"12":{"start":{"line":29,"column":4},"end":{"line":29,"column":31}},"13":{"start":{"line":30,"column":4},"end":{"line":30,"column":65}},"14":{"start":{"line":31,"column":4},"end":{"line":31,"column":26}},"15":{"start":{"line":35,"column":19},"end":{"line":35,"column":35}},"16":{"start":{"line":36,"column":4},"end":{"line":41,"column":7}},"17":{"start":{"line":37,"column":6},"end":{"line":40,"column":7}},"18":{"start":{"line":38,"column":8},"end":{"line":38,"column":34}},"19":{"start":{"line":39,"column":8},"end":{"line":39,"column":66}},"20":{"start":{"line":42,"column":4},"end":{"line":42,"column":20}},"21":{"start":{"line":46,"column":19},"end":{"line":46,"column":35}},"22":{"start":{"line":47,"column":22},"end":{"line":47,"column":24}},"23":{"start":{"line":48,"column":4},"end":{"line":52,"column":7}},"24":{"start":{"line":49,"column":6},"end":{"line":51,"column":7}},"25":{"start":{"line":50,"column":8},"end":{"line":50,"column":30}},"26":{"start":{"line":53,"column":4},"end":{"line":53,"column":65}},"27":{"start":{"line":54,"column":4},"end":{"line":54,"column":20}},"28":{"start":{"line":58,"column":20},"end":{"line":58,"column":59}},"29":{"start":{"line":59,"column":4},"end":{"line":59,"column":27}},"30":{"start":{"line":60,"column":4},"end":{"line":72,"column":7}},"31":{"start":{"line":61,"column":6},"end":{"line":71,"column":7}},"32":{"start":{"line":62,"column":8},"end":{"line":66,"column":9}},"33":{"start":{"line":63,"column":10},"end":{"line":63,"column":427}},"34":{"start":{"line":65,"column":10},"end":{"line":65,"column":475}},"35":{"start":{"line":67,"column":13},"end":{"line":71,"column":7}},"36":{"start":{"line":68,"column":8},"end":{"line":68,"column":434}},"37":{"start":{"line":70,"column":8},"end":{"line":70,"column":509}},"38":{"start":{"line":73,"column":20},"end":{"line":73,"column":55}},"39":{"start":{"line":75,"column":4},"end":{"line":78,"column":7}},"40":{"start":{"line":76,"column":19},"end":{"line":76,"column":58}},"41":{"start":{"line":77,"column":6},"end":{"line":77,"column":38}},"42":{"start":{"line":82,"column":22},"end":{"line":82,"column":72}},"43":{"start":{"line":83,"column":21},"end":{"line":83,"column":34}},"44":{"start":{"line":84,"column":4},"end":{"line":84,"column":20}},"45":{"start":{"line":88,"column":22},"end":{"line":88,"column":38}},"46":{"start":{"line":89,"column":4},"end":{"line":93,"column":5}},"47":{"start":{"line":90,"column":6},"end":{"line":90,"column":57}},"48":{"start":{"line":92,"column":6},"end":{"line":92,"column":58}},"49":{"start":{"line":94,"column":4},"end":{"line":94,"column":65}}},"fnMap":{"0":{"name":"(anonymous_0)","decl":{"start":{"line":6,"column":2},"end":{"line":6,"column":3}},"loc":{"start":{"line":6,"column":21},"end":{"line":9,"column":3}},"line":6},"1":{"name":"(anonymous_1)","decl":{"start":{"line":11,"column":2},"end":{"line":11,"column":3}},"loc":{"start":{"line":11,"column":26},"end":{"line":14,"column":3}},"line":11},"2":{"name":"(anonymous_2)","decl":{"start":{"line":16,"column":2},"end":{"line":16,"column":3}},"loc":{"start":{"line":16,"column":23},"end":{"line":25,"column":3}},"line":16},"3":{"name":"(anonymous_3)","decl":{"start":{"line":27,"column":2},"end":{"line":27,"column":3}},"loc":{"start":{"line":27,"column":27},"end":{"line":32,"column":3}},"line":27},"4":{"name":"(anonymous_4)","decl":{"start":{"line":34,"column":2},"end":{"line":34,"column":3}},"loc":{"start":{"line":34,"column":30},"end":{"line":43,"column":3}},"line":34},"5":{"name":"(anonymous_5)","decl":{"start":{"line":36,"column":29},"end":{"line":36,"column":30}},"loc":{"start":{"line":36,"column":46},"end":{"line":41,"column":5}},"line":36},"6":{"name":"(anonymous_6)","decl":{"start":{"line":45,"column":2},"end":{"line":45,"column":3}},"loc":{"start":{"line":45,"column":27},"end":{"line":55,"column":3}},"line":45},"7":{"name":"(anonymous_7)","decl":{"start":{"line":48,"column":19},"end":{"line":48,"column":20}},"loc":{"start":{"line":48,"column":30},"end":{"line":52,"column":5}},"line":48},"8":{"name":"(anonymous_8)","decl":{"start":{"line":57,"column":2},"end":{"line":57,"column":3}},"loc":{"start":{"line":57,"column":26},"end":{"line":79,"column":3}},"line":57},"9":{"name":"(anonymous_9)","decl":{"start":{"line":60,"column":29},"end":{"line":60,"column":30}},"loc":{"start":{"line":60,"column":53},"end":{"line":72,"column":5}},"line":60},"10":{"name":"(anonymous_10)","decl":{"start":{"line":75,"column":38},"end":{"line":75,"column":39}},"loc":{"start":{"line":75,"column":49},"end":{"line":78,"column":5}},"line":75},"11":{"name":"(anonymous_11)","decl":{"start":{"line":81,"column":2},"end":{"line":81,"column":3}},"loc":{"start":{"line":81,"column":25},"end":{"line":85,"column":3}},"line":81},"12":{"name":"(anonymous_12)","decl":{"start":{"line":87,"column":2},"end":{"line":87,"column":3}},"loc":{"start":{"line":87,"column":29},"end":{"line":95,"column":3}},"line":87}},"branchMap":{"0":{"loc":{"start":{"line":7,"column":33},"end":{"line":7,"column":74}},"type":"binary-expr","locations":[{"start":{"line":7,"column":33},"end":{"line":7,"column":66}},{"start":{"line":7,"column":70},"end":{"line":7,"column":74}}],"line":7},"1":{"loc":{"start":{"line":12,"column":38},"end":{"line":12,"column":84}},"type":"binary-expr","locations":[{"start":{"line":12,"column":38},"end":{"line":12,"column":76}},{"start":{"line":12,"column":80},"end":{"line":12,"column":84}}],"line":12},"2":{"loc":{"start":{"line":18,"column":4},"end":{"line":23,"column":5}},"type":"if","locations":[{"start":{"line":18,"column":4},"end":{"line":23,"column":5}},{"start":{"line":18,"column":4},"end":{"line":23,"column":5}}],"line":18},"3":{"loc":{"start":{"line":37,"column":6},"end":{"line":40,"column":7}},"type":"if","locations":[{"start":{"line":37,"column":6},"end":{"line":40,"column":7}},{"start":{"line":37,"column":6},"end":{"line":40,"column":7}}],"line":37},"4":{"loc":{"start":{"line":49,"column":6},"end":{"line":51,"column":7}},"type":"if","locations":[{"start":{"line":49,"column":6},"end":{"line":51,"column":7}},{"start":{"line":49,"column":6},"end":{"line":51,"column":7}}],"line":49},"5":{"loc":{"start":{"line":61,"column":6},"end":{"line":71,"column":7}},"type":"if","locations":[{"start":{"line":61,"column":6},"end":{"line":71,"column":7}},{"start":{"line":61,"column":6},"end":{"line":71,"column":7}}],"line":61},"6":{"loc":{"start":{"line":62,"column":8},"end":{"line":66,"column":9}},"type":"if","locations":[{"start":{"line":62,"column":8},"end":{"line":66,"column":9}},{"start":{"line":62,"column":8},"end":{"line":66,"column":9}}],"line":62},"7":{"loc":{"start":{"line":67,"column":13},"end":{"line":71,"column":7}},"type":"if","locations":[{"start":{"line":67,"column":13},"end":{"line":71,"column":7}},{"start":{"line":67,"column":13},"end":{"line":71,"column":7}}],"line":67},"8":{"loc":{"start":{"line":89,"column":4},"end":{"line":93,"column":5}},"type":"if","locations":[{"start":{"line":89,"column":4},"end":{"line":93,"column":5}},{"start":{"line":89,"column":4},"end":{"line":93,"column":5}}],"line":89}},"s":{"0":2,"1":2,"2":0,"3":0,"4":2,"5":2,"6":1,"7":1,"8":1,"9":1,"10":2,"11":0,"12":0,"13":0,"14":0,"15":0,"16":0,"17":0,"18":0,"19":0,"20":0,"21":0,"22":0,"23":0,"24":0,"25":0,"26":0,"27":0,"28":0,"29":0,"30":0,"31":0,"32":0,"33":0,"34":0,"35":0,"36":0,"37":0,"38":0,"39":0,"40":0,"41":0,"42":0,"43":0,"44":0,"45":0,"46":0,"47":0,"48":0,"49":0},"f":{"0":2,"1":0,"2":2,"3":0,"4":0,"5":0,"6":0,"7":0,"8":0,"9":0,"10":0,"11":0,"12":0},"b":{"0":[2,1],"1":[0,0],"2":[1,1],"3":[0,0],"4":[0,0],"5":[0,0],"6":[0,0],"7":[0,0],"8":[0,0]},"_coverageSchema":"1a1c01bbd47fc00a2c39e90264f33305004495a9","hash":"4aa3be6a17822351e9ccdac65885615fdb2052c8"}
,"E:\\Microverse\\Javascript\\to-do-list\\src\\update.js": {"path":"E:\\Microverse\\Javascript\\to-do-list\\src\\update.js","statementMap":{"0":{"start":{"line":7,"column":20},"end":{"line":7,"column":59}},"1":{"start":{"line":8,"column":4},"end":{"line":8,"column":27}},"2":{"start":{"line":9,"column":4},"end":{"line":15,"column":7}},"3":{"start":{"line":10,"column":6},"end":{"line":14,"column":7}},"4":{"start":{"line":11,"column":8},"end":{"line":11,"column":473}},"5":{"start":{"line":13,"column":8},"end":{"line":13,"column":509}},"6":{"start":{"line":16,"column":4},"end":{"line":20,"column":5}},"7":{"start":{"line":17,"column":6},"end":{"line":17,"column":38}},"8":{"start":{"line":19,"column":6},"end":{"line":19,"column":41}},"9":{"start":{"line":21,"column":4},"end":{"line":21,"column":25}},"10":{"start":{"line":25,"column":17},"end":{"line":25,"column":33}},"11":{"start":{"line":26,"column":4},"end":{"line":28,"column":7}},"12":{"start":{"line":27,"column":6},"end":{"line":27,"column":32}},"13":{"start":{"line":29,"column":4},"end":{"line":29,"column":60}},"14":{"start":{"line":33,"column":4},"end":{"line":33,"column":29}}},"fnMap":{"0":{"name":"(anonymous_0)","decl":{"start":{"line":6,"column":2},"end":{"line":6,"column":3}},"loc":{"start":{"line":6,"column":24},"end":{"line":22,"column":3}},"line":6},"1":{"name":"(anonymous_1)","decl":{"start":{"line":9,"column":29},"end":{"line":9,"column":30}},"loc":{"start":{"line":9,"column":53},"end":{"line":15,"column":5}},"line":9},"2":{"name":"(anonymous_2)","decl":{"start":{"line":24,"column":2},"end":{"line":24,"column":3}},"loc":{"start":{"line":24,"column":23},"end":{"line":30,"column":3}},"line":24},"3":{"name":"(anonymous_3)","decl":{"start":{"line":26,"column":17},"end":{"line":26,"column":18}},"loc":{"start":{"line":26,"column":37},"end":{"line":28,"column":5}},"line":26},"4":{"name":"(anonymous_4)","decl":{"start":{"line":32,"column":2},"end":{"line":32,"column":3}},"loc":{"start":{"line":32,"column":18},"end":{"line":34,"column":3}},"line":32}},"branchMap":{"0":{"loc":{"start":{"line":10,"column":6},"end":{"line":14,"column":7}},"type":"if","locations":[{"start":{"line":10,"column":6},"end":{"line":14,"column":7}},{"start":{"line":10,"column":6},"end":{"line":14,"column":7}}],"line":10},"1":{"loc":{"start":{"line":16,"column":4},"end":{"line":20,"column":5}},"type":"if","locations":[{"start":{"line":16,"column":4},"end":{"line":20,"column":5}},{"start":{"line":16,"column":4},"end":{"line":20,"column":5}}],"line":16}},"s":{"0":0,"1":0,"2":0,"3":0,"4":0,"5":0,"6":0,"7":0,"8":0,"9":0,"10":0,"11":0,"12":0,"13":0,"14":0},"f":{"0":0,"1":0,"2":0,"3":0,"4":0},"b":{"0":[0,0],"1":[0,0]},"_coverageSchema":"1a1c01bbd47fc00a2c39e90264f33305004495a9","hash":"683912f1be7d4eda8f5d0d7a667484c5fe7654b4"}
}
